CRITICAL - 2024-12-27 11:33:20 --> CodeIgniter\View\Exceptions\ViewException: Invalid file: "pegawai/index.php"
[Method: GET, Route: pegawai]
in SYSTEMPATH\Exceptions\FrameworkException.php on line 41.
 1 SYSTEMPATH\View\View.php(222): CodeIgniter\Exceptions\FrameworkException::forInvalidFile('pegawai/index.php')
 2 SYSTEMPATH\Common.php(1171): CodeIgniter\View\View->render('pegawai/index', [], true)
 3 APPPATH\Controllers\Pegawai.php(20): view('pegawai/index', [...])
 4 SYSTEMPATH\CodeIgniter.php(933): App\Controllers\Pegawai->index()
 5 SYSTEMPATH\CodeIgniter.php(509): CodeIgniter\CodeIgniter->runController(Object(App\Controllers\Pegawai))
 6 SYSTEMPATH\CodeIgniter.php(355): CodeIgniter\CodeIgniter->handleRequest(null, Object(Config\Cache), false)
 7 SYSTEMPATH\Boot.php(325): CodeIgniter\CodeIgniter->run()
 8 SYSTEMPATH\Boot.php(67): CodeIgniter\Boot::runCodeIgniter(Object(CodeIgniter\CodeIgniter))
 9 FCPATH\index.php(56): CodeIgniter\Boot::bootWeb(Object(Config\Paths))
10 SYSTEMPATH\rewrite.php(44): require_once('C:\\xampp\\htdocs\\Perjalanan Dinas\\public\\index.php')
CRITICAL - 2024-12-27 12:45:08 --> CodeIgniter\View\Exceptions\ViewException: Invalid file: "pegawai/index.php"
[Method: GET, Route: pegawai]
in SYSTEMPATH\Exceptions\FrameworkException.php on line 41.
 1 SYSTEMPATH\View\View.php(222): CodeIgniter\Exceptions\FrameworkException::forInvalidFile('pegawai/index.php')
 2 SYSTEMPATH\Common.php(1171): CodeIgniter\View\View->render('pegawai/index', [], true)
 3 APPPATH\Controllers\Pegawai.php(20): view('pegawai/index', [...])
 4 SYSTEMPATH\CodeIgniter.php(933): App\Controllers\Pegawai->index()
 5 SYSTEMPATH\CodeIgniter.php(509): CodeIgniter\CodeIgniter->runController(Object(App\Controllers\Pegawai))
 6 SYSTEMPATH\CodeIgniter.php(355): CodeIgniter\CodeIgniter->handleRequest(null, Object(Config\Cache), false)
 7 SYSTEMPATH\Boot.php(325): CodeIgniter\CodeIgniter->run()
 8 SYSTEMPATH\Boot.php(67): CodeIgniter\Boot::runCodeIgniter(Object(CodeIgniter\CodeIgniter))
 9 FCPATH\index.php(56): CodeIgniter\Boot::bootWeb(Object(Config\Paths))
10 SYSTEMPATH\rewrite.php(44): require_once('C:\\xampp\\htdocs\\Perjalanan Dinas\\public\\index.php')
